{"/home/feng/git/projects/Postaff/client/src/components/Admin/AdminLanding/AdminLandingCurrentStatus.jsx": {"path":"/home/feng/git/projects/Postaff/client/src/components/Admin/AdminLanding/AdminLandingCurrentStatus.jsx","statementMap":{"0":{"start":{"line":10,"column":4},"end":{"line":40,"column":6}}},"fnMap":{"0":{"name":"(anonymous_0)","decl":{"start":{"line":9,"column":2},"end":{"line":9,"column":3}},"loc":{"start":{"line":9,"column":11},"end":{"line":41,"column":3}},"line":9}},"branchMap":{},"s":{"0":2},"f":{"0":2},"b":{},"_coverageSchema":"332fd63041d2c1bcb487cc26dd0d5f7d97098a6c","hash":"bb5e0a2ef674184c6110eaa7a60184be26966d8c"}
}
